<?xml version="1.0" encoding="UTF-8"?>
<testsuite name="JUnit Jupiter" tests="1" skipped="0" failures="0" errors="0" time="0.072" hostname="DESKTOP-FIV6KMF" timestamp="2024-06-28T12:50:08">
<properties>
<property name="awt.toolkit" value="sun.awt.windows.WToolkit"/>
<property name="file.encoding" value="windows-1252"/>
<property name="file.separator" value="\"/>
<property name="java.awt.graphicsenv" value="sun.awt.Win32GraphicsEnvironment"/>
<property name="java.awt.printerjob" value="sun.awt.windows.WPrinterJob"/>
<property name="java.class.path" value="C:\Users\ingai\IdeaProjects\java-intro-junit\build\classes\java\assessment;C:\Users\ingai\IdeaProjects\java-intro-junit\build\resources\assessment;C:\Users\ingai\IdeaProjects\java-intro-junit\build\classes\java\main;C:\Users\ingai\IdeaProjects\java-intro-junit\build\resources\main;C:\Users\ingai\IdeaProjects\java-intro-junit\build\classes\java\test;C:\Users\ingai\IdeaProjects\java-intro-junit\build\resources\test;C:\Users\ingai\.gradle\caches\modules-2\files-2.1\com.google.guava\guava\23.6-jre\c0b638df79e7b2e1ed98f8d68ac62538a715ab1d\guava-23.6-jre.jar;C:\Users\ingai\.gradle\caches\modules-2\files-2.1\cglib\cglib-nodep\2.2\59afed7ab65e7ec6585d5bc60556c3cbd203532b\cglib-nodep-2.2.jar;C:\Users\ingai\.gradle\caches\modules-2\files-2.1\org.junit.platform\junit-platform-console\1.0.0\2931079616796bc4537f7e3c236f8fdfe7e51237\junit-platform-console-1.0.0.jar;C:\Users\ingai\.gradle\caches\modules-2\files-2.1\org.hamcrest\hamcrest-all\1.3\63a21ebc981131004ad02e0434e799fd7f3a8d5a\hamcrest-all-1.3.jar;C:\Users\ingai\.gradle\caches\modules-2\files-2.1\org.junit.jupiter\junit-jupiter-params\5.10.2\359132c82a9d3fa87a325db6edd33b5fdc67a3d8\junit-jupiter-params-5.10.2.jar;C:\Users\ingai\.gradle\caches\modules-2\files-2.1\org.junit.jupiter\junit-jupiter-engine\5.10.2\f1f8fe97bd58e85569205f071274d459c2c4f8cd\junit-jupiter-engine-5.10.2.jar;C:\Users\ingai\.gradle\caches\modules-2\files-2.1\org.junit.platform\junit-platform-launcher\1.0.0\5602a195a442636276efefce2a4c7b418cd67e5c\junit-platform-launcher-1.0.0.jar;C:\Users\ingai\.gradle\caches\modules-2\files-2.1\org.junit.jupiter\junit-jupiter-api\5.10.2\fb55d6e2bce173f35fd28422e7975539621055ef\junit-jupiter-api-5.10.2.jar;C:\Users\ingai\.gradle\caches\modules-2\files-2.1\org.junit.platform\junit-platform-engine\1.10.2\d53bb4e0ce7f211a498705783440614bfaf0df2e\junit-platform-engine-1.10.2.jar;C:\Users\ingai\.gradle\caches\modules-2\files-2.1\org.junit.platform\junit-platform-commons\1.10.2\3197154a1f0c88da46c47a9ca27611ac7ec5d797\junit-platform-commons-1.10.2.jar;C:\Users\ingai\.gradle\caches\modules-2\files-2.1\org.apiguardian\apiguardian-api\1.1.2\a231e0d844d2721b0fa1b238006d15c6ded6842a\apiguardian-api-1.1.2.jar;C:\Users\ingai\.gradle\caches\modules-2\files-2.1\com.google.code.findbugs\jsr305\1.3.9\40719ea6961c0cb6afaeb6a921eaa1f6afd4cfdf\jsr305-1.3.9.jar;C:\Users\ingai\.gradle\caches\modules-2\files-2.1\org.checkerframework\checker-compat-qual\2.0.0\fc89b03860d11d6213d0154a62bcd1c2f69b9efa\checker-compat-qual-2.0.0.jar;C:\Users\ingai\.gradle\caches\modules-2\files-2.1\com.google.errorprone\error_prone_annotations\2.1.3\39b109f2cd352b2d71b52a3b5a1a9850e1dc304b\error_prone_annotations-2.1.3.jar;C:\Users\ingai\.gradle\caches\modules-2\files-2.1\com.google.j2objc\j2objc-annotations\1.1\ed28ded51a8b1c6b112568def5f4b455e6809019\j2objc-annotations-1.1.jar;C:\Users\ingai\.gradle\caches\modules-2\files-2.1\org.codehaus.mojo\animal-sniffer-annotations\1.14\775b7e22fb10026eed3f86e8dc556dfafe35f2d5\animal-sniffer-annotations-1.14.jar;C:\Users\ingai\.gradle\caches\modules-2\files-2.1\org.opentest4j\opentest4j\1.3.0\152ea56b3a72f655d4fd677fc0ef2596c3dd5e6e\opentest4j-1.3.0.jar"/>
<property name="java.class.version" value="55.0"/>
<property name="java.home" value="C:\Program Files\Eclipse Adoptium\jdk-11.0.23.9-hotspot"/>
<property name="java.io.tmpdir" value="C:\Users\ingai\AppData\Local\Temp\"/>
<property name="java.library.path" value="C:\Program Files\Eclipse Adoptium\jdk-11.0.23.9-hotspot\bin;C:\windows\Sun\Java\bin;C:\windows\system32;C:\windows;C:\Program Files\Git\mingw64\bin;C:\Program Files\Git\usr\bin;C:\Users\ingai\bin;C:\Program Files\Eclipse Adoptium\jdk-11.0.23.9-hotspot\bin;C:\windows\system32;C:\windows;C:\windows\System32\Wbem;C:\windows\System32\WindowsPowerShell\v1.0;C:\windows\System32\OpenSSH;C:\Program Files\nodejs;C:\Program Files\Git\cmd;C:\Program Files\Git\mingw64\bin;C:\Program Files\Git\usr\bin;C:\ProgramData\chocolatey\bin;C:\Program Files\JetBrains\IntelliJ IDEA 2024.1.4\bin;C:\Users\ingai\AppData\Local\Microsoft\WindowsApps;C:\Users\ingai\AppData\Local\Programs\Microsoft VS Code\bin;C:\Users\ingai\AppData\Roaming\npm;."/>
<property name="java.runtime.name" value="OpenJDK Runtime Environment"/>
<property name="java.runtime.version" value="11.0.23+9"/>
<property name="java.specification.maintenance.version" value="2"/>
<property name="java.specification.name" value="Java Platform API Specification"/>
<property name="java.specification.vendor" value="Oracle Corporation"/>
<property name="java.specification.version" value="11"/>
<property name="java.vendor" value="Eclipse Adoptium"/>
<property name="java.vendor.url" value="https://adoptium.net/"/>
<property name="java.vendor.url.bug" value="https://github.com/adoptium/adoptium-support/issues"/>
<property name="java.vendor.version" value="Temurin-11.0.23+9"/>
<property name="java.version" value="11.0.23"/>
<property name="java.version.date" value="2024-04-16"/>
<property name="java.vm.compressedOopsMode" value="Zero based"/>
<property name="java.vm.info" value="mixed mode"/>
<property name="java.vm.name" value="OpenJDK 64-Bit Server VM"/>
<property name="java.vm.specification.name" value="Java Virtual Machine Specification"/>
<property name="java.vm.specification.vendor" value="Oracle Corporation"/>
<property name="java.vm.specification.version" value="11"/>
<property name="java.vm.vendor" value="Eclipse Adoptium"/>
<property name="java.vm.version" value="11.0.23+9"/>
<property name="jdk.debug" value="release"/>
<property name="line.separator" value="
"/>
<property name="os.arch" value="amd64"/>
<property name="os.name" value="Windows 10"/>
<property name="os.version" value="10.0"/>
<property name="path.separator" value=";"/>
<property name="sun.arch.data.model" value="64"/>
<property name="sun.boot.library.path" value="C:\Program Files\Eclipse Adoptium\jdk-11.0.23.9-hotspot\bin"/>
<property name="sun.cpu.endian" value="little"/>
<property name="sun.cpu.isalist" value="amd64"/>
<property name="sun.desktop" value="windows"/>
<property name="sun.io.unicode.encoding" value="UnicodeLittle"/>
<property name="sun.java.command" value="org.junit.platform.console.ConsoleLauncher --scan-class-path C:\Users\ingai\IdeaProjects\java-intro-junit\build\classes\java\assessment --reports-dir C:\Users\ingai\IdeaProjects\java-intro-junit\build/test-results/junit-assessment"/>
<property name="sun.java.launcher" value="SUN_STANDARD"/>
<property name="sun.jnu.encoding" value="Cp1252"/>
<property name="sun.management.compiler" value="HotSpot 64-Bit Tiered Compilers"/>
<property name="sun.os.patch.level" value=""/>
<property name="user.country" value="US"/>
<property name="user.dir" value="C:\Users\ingai\IdeaProjects\java-intro-junit"/>
<property name="user.home" value="C:\Users\ingai"/>
<property name="user.language" value="en"/>
<property name="user.name" value="ingai"/>
<property name="user.script" value=""/>
<property name="user.timezone" value="America/New_York"/>
<property name="user.variant" value=""/>
</properties>
<testcase name="verifyTestCount()" classname="com.galvanize.SolutionTest" time="0.038">
<system-out><![CDATA[
unique-id: [engine:junit-jupiter]/[class:com.galvanize.SolutionTest]/[method:verifyTestCount()]
display-name: verifyTestCount()
]]></system-out>
</testcase>
<system-out><![CDATA[
unique-id: [engine:junit-jupiter]
display-name: JUnit Jupiter
]]></system-out>
</testsuite>
